Analysis & Synthesis report for LAB4
Mon Apr 14 00:38:38 2025
Quartus II Version 9.1 Build 350 03/24/2010 Service Pack 2 SJ Web Edition


---------------------
; Table of Contents ;
---------------------
  1. Legal Notice
  2. Analysis & Synthesis Summary
  3. Analysis & Synthesis Settings
  4. Parallel Compilation
  5. Analysis & Synthesis Source Files Read
  6. Analysis & Synthesis Resource Usage Summary
  7. Analysis & Synthesis Resource Utilization by Entity
  8. State Machine - |LAB4|SM:ME|brain
  9. Registers Removed During Synthesis
 10. Removed Registers Triggering Further Register Optimizations
 11. General Register Statistics
 12. Multiplexer Restructuring Statistics (Restructuring Performed)
 13. Source assignments for DivisorCLK:D|lpm_counter:LPM_COUNTER_component
 14. Parameter Settings for User Entity Instance: DivisorCLK:D|lpm_counter:LPM_COUNTER_component
 15. Analysis & Synthesis Messages



----------------
; Legal Notice ;
----------------
Copyright (C) 1991-2010 Altera Corporation
Your use of Altera Corporation's design tools, logic functions 
and other software and tools, and its AMPP partner logic 
functions, and any output files from any of the foregoing 
(including device programming or simulation files), and any 
associated documentation or information are expressly subject 
to the terms and conditions of the Altera Program License 
Subscription Agreement, Altera MegaCore Function License 
Agreement, or other applicable license agreement, including, 
without limitation, that your use is for the sole purpose of 
programming logic devices manufactured by Altera and sold by 
Altera or its authorized distributors.  Please refer to the 
applicable agreement for further details.



+-----------------------------------------------------------------------------------+
; Analysis & Synthesis Summary                                                      ;
+------------------------------------+----------------------------------------------+
; Analysis & Synthesis Status        ; Successful - Mon Apr 14 00:38:38 2025        ;
; Quartus II Version                 ; 9.1 Build 350 03/24/2010 SP 2 SJ Web Edition ;
; Revision Name                      ; LAB4                                         ;
; Top-level Entity Name              ; LAB4                                         ;
; Family                             ; Cyclone II                                   ;
; Total logic elements               ; 212                                          ;
;     Total combinational functions  ; 187                                          ;
;     Dedicated logic registers      ; 67                                           ;
; Total registers                    ; 67                                           ;
; Total pins                         ; 19                                           ;
; Total virtual pins                 ; 0                                            ;
; Total memory bits                  ; 0                                            ;
; Embedded Multiplier 9-bit elements ; 0                                            ;
; Total PLLs                         ; 0                                            ;
+------------------------------------+----------------------------------------------+


+----------------------------------------------------------------------------------------------------------------------+
; Analysis & Synthesis Settings                                                                                        ;
+----------------------------------------------------------------------------+--------------------+--------------------+
; Option                                                                     ; Setting            ; Default Value      ;
+----------------------------------------------------------------------------+--------------------+--------------------+
; Device                                                                     ; EP2C35F672C6       ;                    ;
; Top-level entity name                                                      ; LAB4               ; LAB4               ;
; Family name                                                                ; Cyclone II         ; Stratix II         ;
; Use Generated Physical Constraints File                                    ; Off                ;                    ;
; Use smart compilation                                                      ; Off                ; Off                ;
; Enable parallel Assembler and TimeQuest Timing Analyzer during compilation ; On                 ; On                 ;
; Enable compact report table                                                ; Off                ; Off                ;
; Restructure Multiplexers                                                   ; Auto               ; Auto               ;
; Create Debugging Nodes for IP Cores                                        ; Off                ; Off                ;
; Preserve fewer node names                                                  ; On                 ; On                 ;
; Disable OpenCore Plus hardware evaluation                                  ; Off                ; Off                ;
; Verilog Version                                                            ; Verilog_2001       ; Verilog_2001       ;
; VHDL Version                                                               ; VHDL_1993          ; VHDL_1993          ;
; State Machine Processing                                                   ; Auto               ; Auto               ;
; Safe State Machine                                                         ; Off                ; Off                ;
; Extract Verilog State Machines                                             ; On                 ; On                 ;
; Extract VHDL State Machines                                                ; On                 ; On                 ;
; Ignore Verilog initial constructs                                          ; Off                ; Off                ;
; Iteration limit for constant Verilog loops                                 ; 5000               ; 5000               ;
; Iteration limit for non-constant Verilog loops                             ; 250                ; 250                ;
; Add Pass-Through Logic to Inferred RAMs                                    ; On                 ; On                 ;
; Parallel Synthesis                                                         ; Off                ; Off                ;
; DSP Block Balancing                                                        ; Auto               ; Auto               ;
; NOT Gate Push-Back                                                         ; On                 ; On                 ;
; Power-Up Don't Care                                                        ; On                 ; On                 ;
; Remove Redundant Logic Cells                                               ; Off                ; Off                ;
; Remove Duplicate Registers                                                 ; On                 ; On                 ;
; Ignore CARRY Buffers                                                       ; Off                ; Off                ;
; Ignore CASCADE Buffers                                                     ; Off                ; Off                ;
; Ignore GLOBAL Buffers                                                      ; Off                ; Off                ;
; Ignore ROW GLOBAL Buffers                                                  ; Off                ; Off                ;
; Ignore LCELL Buffers                                                       ; Off                ; Off                ;
; Ignore SOFT Buffers                                                        ; On                 ; On                 ;
; Limit AHDL Integers to 32 Bits                                             ; Off                ; Off                ;
; Optimization Technique                                                     ; Balanced           ; Balanced           ;
; Carry Chain Length                                                         ; 70                 ; 70                 ;
; Auto Carry Chains                                                          ; On                 ; On                 ;
; Auto Open-Drain Pins                                                       ; On                 ; On                 ;
; Perform WYSIWYG Primitive Resynthesis                                      ; Off                ; Off                ;
; Auto ROM Replacement                                                       ; On                 ; On                 ;
; Auto RAM Replacement                                                       ; On                 ; On                 ;
; Auto Shift Register Replacement                                            ; Auto               ; Auto               ;
; Auto Clock Enable Replacement                                              ; On                 ; On                 ;
; Strict RAM Replacement                                                     ; Off                ; Off                ;
; Allow Synchronous Control Signals                                          ; On                 ; On                 ;
; Force Use of Synchronous Clear Signals                                     ; Off                ; Off                ;
; Auto RAM to Logic Cell Conversion                                          ; Off                ; Off                ;
; Auto Resource Sharing                                                      ; Off                ; Off                ;
; Allow Any RAM Size For Recognition                                         ; Off                ; Off                ;
; Allow Any ROM Size For Recognition                                         ; Off                ; Off                ;
; Allow Any Shift Register Size For Recognition                              ; Off                ; Off                ;
; Use LogicLock Constraints during Resource Balancing                        ; On                 ; On                 ;
; Ignore translate_off and synthesis_off directives                          ; Off                ; Off                ;
; Timing-Driven Synthesis                                                    ; Off                ; Off                ;
; Show Parameter Settings Tables in Synthesis Report                         ; On                 ; On                 ;
; Ignore Maximum Fan-Out Assignments                                         ; Off                ; Off                ;
; Synchronization Register Chain Length                                      ; 2                  ; 2                  ;
; PowerPlay Power Optimization                                               ; Normal compilation ; Normal compilation ;
; HDL message level                                                          ; Level2             ; Level2             ;
; Suppress Register Optimization Related Messages                            ; Off                ; Off                ;
; Number of Removed Registers Reported in Synthesis Report                   ; 5000               ; 5000               ;
; Number of Inverted Registers Reported in Synthesis Report                  ; 100                ; 100                ;
; Clock MUX Protection                                                       ; On                 ; On                 ;
; Auto Gated Clock Conversion                                                ; Off                ; Off                ;
; Block Design Naming                                                        ; Auto               ; Auto               ;
; SDC constraint protection                                                  ; Off                ; Off                ;
; Synthesis Effort                                                           ; Auto               ; Auto               ;
; Shift Register Replacement - Allow Asynchronous Clear Signal               ; On                 ; On                 ;
; Analysis & Synthesis Message Level                                         ; Medium             ; Medium             ;
; Disable Register Merging Across Hierarchies                                ; Auto               ; Auto               ;
; Resource Aware Inference For Block RAM                                     ; On                 ; On                 ;
+----------------------------------------------------------------------------+--------------------+--------------------+


Parallel compilation was disabled, but you have multiple processors available. Enable parallel compilation to reduce compilation time.
+-------------------------------------+
; Parallel Compilation                ;
+----------------------------+--------+
; Processors                 ; Number ;
+----------------------------+--------+
; Number detected on machine ; 16     ;
; Maximum allowed            ; 1      ;
+----------------------------+--------+


+-------------------------------------------------------------------------------------------------------------------------------------------------------+
; Analysis & Synthesis Source Files Read                                                                                                                ;
+----------------------------------+-----------------+------------------------------------+-------------------------------------------------------------+
; File Name with User-Entered Path ; Used in Netlist ; File Type                          ; File Name with Absolute Path                                ;
+----------------------------------+-----------------+------------------------------------+-------------------------------------------------------------+
; PC.tdf                           ; yes             ; User AHDL File                     ; D:/Bibliotecas/Downloads/LAB4/PC.tdf                        ;
; LAB4.bdf                         ; yes             ; User Block Diagram/Schematic File  ; D:/Bibliotecas/Downloads/LAB4/LAB4.bdf                      ;
; TableRom.tdf                     ; yes             ; User AHDL File                     ; D:/Bibliotecas/Downloads/LAB4/TableRom.tdf                  ;
; _REG.tdf                         ; yes             ; User AHDL File                     ; D:/Bibliotecas/Downloads/LAB4/_REG.tdf                      ;
; divisorclk.tdf                   ; yes             ; Auto-Found Wizard-Generated File   ; D:/Bibliotecas/Downloads/LAB4/divisorclk.tdf                ;
; lpm_counter.inc                  ; yes             ; Megafunction                       ; d:/quartus9/quartus/libraries/megafunctions/lpm_counter.inc ;
; lpm_counter.tdf                  ; yes             ; Megafunction                       ; d:/quartus9/quartus/libraries/megafunctions/lpm_counter.tdf ;
; db/cntr_9mh.tdf                  ; yes             ; Auto-Generated Megafunction        ; D:/Bibliotecas/Downloads/LAB4/db/cntr_9mh.tdf               ;
; reg_rs.tdf                       ; yes             ; Auto-Found AHDL File               ; D:/Bibliotecas/Downloads/LAB4/reg_rs.tdf                    ;
; decod4x16.tdf                    ; yes             ; Auto-Found AHDL File               ; D:/Bibliotecas/Downloads/LAB4/decod4x16.tdf                 ;
; sm.tdf                           ; yes             ; Auto-Found AHDL File               ; D:/Bibliotecas/Downloads/LAB4/sm.tdf                        ;
; ula_def.inc                      ; yes             ; Auto-Found AHDL File               ; D:/Bibliotecas/Downloads/LAB4/ula_def.inc                   ;
; regs_def.inc                     ; yes             ; Auto-Found AHDL File               ; D:/Bibliotecas/Downloads/LAB4/regs_def.inc                  ;
; instruct_def.inc                 ; yes             ; Auto-Found AHDL File               ; D:/Bibliotecas/Downloads/LAB4/instruct_def.inc              ;
; ula.tdf                          ; yes             ; Auto-Found AHDL File               ; D:/Bibliotecas/Downloads/LAB4/ula.tdf                       ;
; buffer_sw.tdf                    ; yes             ; Auto-Found AHDL File               ; D:/Bibliotecas/Downloads/LAB4/buffer_sw.tdf                 ;
+----------------------------------+-----------------+------------------------------------+-------------------------------------------------------------+


+---------------------------------------------------------------------------------------------------------------------------------+
; Analysis & Synthesis Resource Usage Summary                                                                                     ;
+---------------------------------------------+-----------------------------------------------------------------------------------+
; Resource                                    ; Usage                                                                             ;
+---------------------------------------------+-----------------------------------------------------------------------------------+
; Estimated Total logic elements              ; 212                                                                               ;
;                                             ;                                                                                   ;
; Total combinational functions               ; 187                                                                               ;
; Logic element usage by number of LUT inputs ;                                                                                   ;
;     -- 4 input functions                    ; 106                                                                               ;
;     -- 3 input functions                    ; 34                                                                                ;
;     -- <=2 input functions                  ; 47                                                                                ;
;                                             ;                                                                                   ;
; Logic elements by mode                      ;                                                                                   ;
;     -- normal mode                          ; 142                                                                               ;
;     -- arithmetic mode                      ; 45                                                                                ;
;                                             ;                                                                                   ;
; Total registers                             ; 67                                                                                ;
;     -- Dedicated logic registers            ; 67                                                                                ;
;     -- I/O registers                        ; 0                                                                                 ;
;                                             ;                                                                                   ;
; I/O pins                                    ; 19                                                                                ;
; Maximum fan-out node                        ; DivisorCLK:D|lpm_counter:LPM_COUNTER_component|cntr_9mh:auto_generated|safe_q[18] ;
; Maximum fan-out                             ; 50                                                                                ;
; Total fan-out                               ; 801                                                                               ;
; Average fan-out                             ; 2.93                                                                              ;
+---------------------------------------------+-----------------------------------------------------------------------------------+


+-----------------------------------------------------------------------------------------------------------------------------------------------------------------------------------------------------------------------------------------------------+
; Analysis & Synthesis Resource Utilization by Entity                                                                                                                                                                                                 ;
+-------------------------------------------+-------------------+--------------+-------------+--------------+---------+-----------+------+--------------+------------------------------------------------------------------------------+--------------+
; Compilation Hierarchy Node                ; LC Combinationals ; LC Registers ; Memory Bits ; DSP Elements ; DSP 9x9 ; DSP 18x18 ; Pins ; Virtual Pins ; Full Hierarchy Name                                                          ; Library Name ;
+-------------------------------------------+-------------------+--------------+-------------+--------------+---------+-----------+------+--------------+------------------------------------------------------------------------------+--------------+
; |LAB4                                     ; 187 (39)          ; 67 (0)       ; 0           ; 0            ; 0       ; 0         ; 19   ; 0            ; |LAB4                                                                        ; work         ;
;    |Decod4X16:DEC_A|                      ; 2 (2)             ; 0 (0)        ; 0           ; 0            ; 0       ; 0         ; 0    ; 0            ; |LAB4|Decod4X16:DEC_A                                                        ;              ;
;    |Decod4X16:DEC_B|                      ; 1 (1)             ; 0 (0)        ; 0           ; 0            ; 0       ; 0         ; 0    ; 0            ; |LAB4|Decod4X16:DEC_B                                                        ;              ;
;    |Decod4X16:TARGET|                     ; 4 (4)             ; 0 (0)        ; 0           ; 0            ; 0       ; 0         ; 0    ; 0            ; |LAB4|Decod4X16:TARGET                                                       ;              ;
;    |DivisorCLK:D|                         ; 19 (0)            ; 19 (0)       ; 0           ; 0            ; 0       ; 0         ; 0    ; 0            ; |LAB4|DivisorCLK:D                                                           ;              ;
;       |lpm_counter:LPM_COUNTER_component| ; 19 (0)            ; 19 (0)       ; 0           ; 0            ; 0       ; 0         ; 0    ; 0            ; |LAB4|DivisorCLK:D|lpm_counter:LPM_COUNTER_component                         ;              ;
;          |cntr_9mh:auto_generated|        ; 19 (19)           ; 19 (19)      ; 0           ; 0            ; 0       ; 0         ; 0    ; 0            ; |LAB4|DivisorCLK:D|lpm_counter:LPM_COUNTER_component|cntr_9mh:auto_generated ;              ;
;    |PC:inst2|                             ; 0 (0)             ; 8 (8)        ; 0           ; 0            ; 0       ; 0         ; 0    ; 0            ; |LAB4|PC:inst2                                                               ;              ;
;    |REG_RS:SAiDA|                         ; 0 (0)             ; 8 (8)        ; 0           ; 0            ; 0       ; 0         ; 0    ; 0            ; |LAB4|REG_RS:SAiDA                                                           ;              ;
;    |SM:ME|                                ; 21 (21)           ; 9 (9)        ; 0           ; 0            ; 0       ; 0         ; 0    ; 0            ; |LAB4|SM:ME                                                                  ;              ;
;    |TableRom:inst9|                       ; 8 (8)             ; 6 (6)        ; 0           ; 0            ; 0       ; 0         ; 0    ; 0            ; |LAB4|TableRom:inst9                                                         ;              ;
;    |ULA:ULA|                              ; 93 (93)           ; 1 (1)        ; 0           ; 0            ; 0       ; 0         ; 0    ; 0            ; |LAB4|ULA:ULA                                                                ;              ;
;    |_REG:AC|                              ; 0 (0)             ; 8 (8)        ; 0           ; 0            ; 0       ; 0         ; 0    ; 0            ; |LAB4|_REG:AC                                                                ;              ;
;    |_REG:R0|                              ; 0 (0)             ; 8 (8)        ; 0           ; 0            ; 0       ; 0         ; 0    ; 0            ; |LAB4|_REG:R0                                                                ;              ;
+-------------------------------------------+-------------------+--------------+-------------+--------------+---------+-----------+------+--------------+------------------------------------------------------------------------------+--------------+
Note: For table entries with two numbers listed, the numbers in parentheses indicate the number of resources of the given type used by the specific entity alone. The numbers listed outside of parentheses indicate the total resources of the given type used by the specific entity and all of its sub-entities in the hierarchy.


Encoding Type:  One-Hot
+----------------------------------------------------------------------+
; State Machine - |LAB4|SM:ME|brain                                    ;
+---------+-----+-----+-----+----+-----+-----+-------+-------+---------+
; Name    ; Ula ; Jmp ; Out ; In ; Set ; Mov ; Decod ; IncPC ; resetPC ;
+---------+-----+-----+-----+----+-----+-----+-------+-------+---------+
; resetPC ; 0   ; 0   ; 0   ; 0  ; 0   ; 0   ; 0     ; 0     ; 0       ;
; IncPC   ; 0   ; 0   ; 0   ; 0  ; 0   ; 0   ; 0     ; 1     ; 1       ;
; Decod   ; 0   ; 0   ; 0   ; 0  ; 0   ; 0   ; 1     ; 0     ; 1       ;
; Mov     ; 0   ; 0   ; 0   ; 0  ; 0   ; 1   ; 0     ; 0     ; 1       ;
; Set     ; 0   ; 0   ; 0   ; 0  ; 1   ; 0   ; 0     ; 0     ; 1       ;
; In      ; 0   ; 0   ; 0   ; 1  ; 0   ; 0   ; 0     ; 0     ; 1       ;
; Out     ; 0   ; 0   ; 1   ; 0  ; 0   ; 0   ; 0     ; 0     ; 1       ;
; Jmp     ; 0   ; 1   ; 0   ; 0  ; 0   ; 0   ; 0     ; 0     ; 1       ;
; Ula     ; 1   ; 0   ; 0   ; 0  ; 0   ; 0   ; 0     ; 0     ; 1       ;
+---------+-----+-----+-----+----+-----+-----+-------+-------+---------+


+-------------------------------------------------------------------------------------------------------------------------------------+
; Registers Removed During Synthesis                                                                                                  ;
+---------------------------------------------------------------------------------------+---------------------------------------------+
; Register name                                                                         ; Reason for Removal                          ;
+---------------------------------------------------------------------------------------+---------------------------------------------+
; TableRom:inst9|REG_FF[0..1,3..5,7]                                                    ; Stuck at GND due to stuck port data_in      ;
; DivisorCLK:D|lpm_counter:LPM_COUNTER_component|cntr_9mh:auto_generated|safe_q[19..22] ; Lost fanout                                 ;
; TableRom:inst9|REG_FF[11]                                                             ; Merged with TableRom:inst9|REG_FF[12]       ;
; _REG:R2|REG[7]                                                                        ; Stuck at GND due to stuck port clock_enable ;
; _REG:R3|REG[7]                                                                        ; Stuck at GND due to stuck port clock_enable ;
; _REG:R2|REG[6]                                                                        ; Stuck at GND due to stuck port clock_enable ;
; _REG:R3|REG[6]                                                                        ; Stuck at GND due to stuck port clock_enable ;
; _REG:R2|REG[5]                                                                        ; Stuck at GND due to stuck port clock_enable ;
; _REG:R3|REG[5]                                                                        ; Stuck at GND due to stuck port clock_enable ;
; _REG:R2|REG[4]                                                                        ; Stuck at GND due to stuck port clock_enable ;
; _REG:R3|REG[4]                                                                        ; Stuck at GND due to stuck port clock_enable ;
; _REG:R2|REG[3]                                                                        ; Stuck at GND due to stuck port clock_enable ;
; _REG:R3|REG[3]                                                                        ; Stuck at GND due to stuck port clock_enable ;
; _REG:R2|REG[2]                                                                        ; Stuck at GND due to stuck port clock_enable ;
; _REG:R3|REG[2]                                                                        ; Stuck at GND due to stuck port clock_enable ;
; _REG:R2|REG[1]                                                                        ; Stuck at GND due to stuck port clock_enable ;
; _REG:R3|REG[1]                                                                        ; Stuck at GND due to stuck port clock_enable ;
; _REG:R2|REG[0]                                                                        ; Stuck at GND due to stuck port clock_enable ;
; _REG:R3|REG[0]                                                                        ; Stuck at GND due to stuck port clock_enable ;
; _REG:R1|REG[0..7]                                                                     ; Lost fanout                                 ;
; Total Number of Removed Registers = 35                                                ;                                             ;
+---------------------------------------------------------------------------------------+---------------------------------------------+


+----------------------------------------------------------------------------------------------------------------------------------------+
; Removed Registers Triggering Further Register Optimizations                                                                            ;
+--------------------------+---------------------------+---------------------------------------------------------------------------------+
; Register name            ; Reason for Removal        ; Registers Removed due to This Register                                          ;
+--------------------------+---------------------------+---------------------------------------------------------------------------------+
; TableRom:inst9|REG_FF[5] ; Stuck at GND              ; _REG:R2|REG[7], _REG:R3|REG[7], _REG:R2|REG[6], _REG:R3|REG[6], _REG:R2|REG[5], ;
;                          ; due to stuck port data_in ; _REG:R3|REG[5], _REG:R2|REG[4], _REG:R3|REG[4], _REG:R2|REG[3], _REG:R3|REG[3], ;
;                          ;                           ; _REG:R2|REG[2], _REG:R3|REG[2], _REG:R2|REG[1], _REG:R3|REG[1], _REG:R2|REG[0], ;
;                          ;                           ; _REG:R3|REG[0]                                                                  ;
; TableRom:inst9|REG_FF[0] ; Stuck at GND              ; _REG:R1|REG[7], _REG:R1|REG[6], _REG:R1|REG[5], _REG:R1|REG[4], _REG:R1|REG[3], ;
;                          ; due to stuck port data_in ; _REG:R1|REG[2], _REG:R1|REG[1], _REG:R1|REG[0]                                  ;
+--------------------------+---------------------------+---------------------------------------------------------------------------------+


+------------------------------------------------------+
; General Register Statistics                          ;
+----------------------------------------------+-------+
; Statistic                                    ; Value ;
+----------------------------------------------+-------+
; Total registers                              ; 67    ;
; Number of registers using Synchronous Clear  ; 0     ;
; Number of registers using Synchronous Load   ; 0     ;
; Number of registers using Asynchronous Clear ; 9     ;
; Number of registers using Asynchronous Load  ; 0     ;
; Number of registers using Clock Enable       ; 33    ;
; Number of registers using Preset             ; 0     ;
+----------------------------------------------+-------+


+------------------------------------------------------------------------------------------------------------------------------------------+
; Multiplexer Restructuring Statistics (Restructuring Performed)                                                                           ;
+--------------------+-----------+---------------+----------------------+------------------------+------------+----------------------------+
; Multiplexer Inputs ; Bus Width ; Baseline Area ; Area if Restructured ; Saving if Restructured ; Registered ; Example Multiplexer Output ;
+--------------------+-----------+---------------+----------------------+------------------------+------------+----------------------------+
; 3:1                ; 6 bits    ; 12 LEs        ; 12 LEs               ; 0 LEs                  ; No         ; |LAB4|B                    ;
; 3:1                ; 2 bits    ; 4 LEs         ; 4 LEs                ; 0 LEs                  ; No         ; |LAB4|B                    ;
; 15:1               ; 8 bits    ; 80 LEs        ; 32 LEs               ; 48 LEs                 ; No         ; |LAB4|A                    ;
+--------------------+-----------+---------------+----------------------+------------------------+------------+----------------------------+


+-----------------------------------------------------------------------+
; Source assignments for DivisorCLK:D|lpm_counter:LPM_COUNTER_component ;
+---------------------------+-------+------+----------------------------+
; Assignment                ; Value ; From ; To                         ;
+---------------------------+-------+------+----------------------------+
; SUPPRESS_DA_RULE_INTERNAL ; a101  ; -    ; -                          ;
; SUPPRESS_DA_RULE_INTERNAL ; s102  ; -    ; -                          ;
; SUPPRESS_DA_RULE_INTERNAL ; s103  ; -    ; -                          ;
+---------------------------+-------+------+----------------------------+


+---------------------------------------------------------------------------------------------+
; Parameter Settings for User Entity Instance: DivisorCLK:D|lpm_counter:LPM_COUNTER_component ;
+------------------------+-------------+------------------------------------------------------+
; Parameter Name         ; Value       ; Type                                                 ;
+------------------------+-------------+------------------------------------------------------+
; AUTO_CARRY_CHAINS      ; ON          ; AUTO_CARRY                                           ;
; IGNORE_CARRY_BUFFERS   ; OFF         ; IGNORE_CARRY                                         ;
; AUTO_CASCADE_CHAINS    ; ON          ; AUTO_CASCADE                                         ;
; IGNORE_CASCADE_BUFFERS ; OFF         ; IGNORE_CASCADE                                       ;
; LPM_WIDTH              ; 23          ; Untyped                                              ;
; LPM_DIRECTION          ; UP          ; Untyped                                              ;
; LPM_MODULUS            ; 0           ; Untyped                                              ;
; LPM_AVALUE             ; UNUSED      ; Untyped                                              ;
; LPM_SVALUE             ; UNUSED      ; Untyped                                              ;
; LPM_PORT_UPDOWN        ; PORT_UNUSED ; Untyped                                              ;
; DEVICE_FAMILY          ; Cyclone II  ; Untyped                                              ;
; CARRY_CHAIN            ; MANUAL      ; Untyped                                              ;
; CARRY_CHAIN_LENGTH     ; 48          ; CARRY_CHAIN_LENGTH                                   ;
; NOT_GATE_PUSH_BACK     ; ON          ; NOT_GATE_PUSH_BACK                                   ;
; CARRY_CNT_EN           ; SMART       ; Untyped                                              ;
; LABWIDE_SCLR           ; ON          ; Untyped                                              ;
; USE_NEW_VERSION        ; TRUE        ; Untyped                                              ;
; CBXI_PARAMETER         ; cntr_9mh    ; Untyped                                              ;
+------------------------+-------------+------------------------------------------------------+
Note: In order to hide this table in the UI and the text report file, please set the "Show Parameter Settings Tables in Synthesis Report" option in "Analysis and Synthesis Settings -> More Settings" to "Off".


+-------------------------------+
; Analysis & Synthesis Messages ;
+-------------------------------+
Info: *******************************************************************
Info: Running Quartus II Analysis & Synthesis
    Info: Version 9.1 Build 350 03/24/2010 Service Pack 2 SJ Web Edition
    Info: Processing started: Mon Apr 14 00:38:37 2025
Info: Command: quartus_map --read_settings_files=on --write_settings_files=off LAB4 -c LAB4
Info: Found 1 design units, including 1 entities, in source file pc.tdf
    Info: Found entity 1: PC
Info: Found 1 design units, including 1 entities, in source file lab4.bdf
    Info: Found entity 1: LAB4
Info: Found 1 design units, including 1 entities, in source file tablerom.tdf
    Info: Found entity 1: TableRom
Info: Found 1 design units, including 1 entities, in source file _reg.tdf
    Info: Found entity 1: _REG
Info: Elaborating entity "LAB4" for the top level hierarchy
Warning: Not all bits in bus "SW[17..0]" are used
Warning: Using design file divisorclk.tdf, which is not specified as a design file for the current project, but contains definitions for 1 design units and 1 entities in project
    Info: Found entity 1: DivisorCLK
Info: Elaborating entity "DivisorCLK" for hierarchy "DivisorCLK:D"
Info: Elaborating entity "lpm_counter" for hierarchy "DivisorCLK:D|lpm_counter:LPM_COUNTER_component"
Info: Elaborated megafunction instantiation "DivisorCLK:D|lpm_counter:LPM_COUNTER_component"
Info: Instantiated megafunction "DivisorCLK:D|lpm_counter:LPM_COUNTER_component" with the following parameter:
    Info: Parameter "LPM_TYPE" = "LPM_COUNTER"
    Info: Parameter "LPM_WIDTH" = "23"
    Info: Parameter "LPM_DIRECTION" = "UP"
    Info: Parameter "LPM_PORT_UPDOWN" = "PORT_UNUSED"
Info: Found 1 design units, including 1 entities, in source file db/cntr_9mh.tdf
    Info: Found entity 1: cntr_9mh
Info: Elaborating entity "cntr_9mh" for hierarchy "DivisorCLK:D|lpm_counter:LPM_COUNTER_component|cntr_9mh:auto_generated"
Warning: Using design file reg_rs.tdf, which is not specified as a design file for the current project, but contains definitions for 1 design units and 1 entities in project
    Info: Found entity 1: REG_RS
Info: Elaborating entity "REG_RS" for hierarchy "REG_RS:SAiDA"
Warning: Using design file decod4x16.tdf, which is not specified as a design file for the current project, but contains definitions for 1 design units and 1 entities in project
    Info: Found entity 1: Decod4X16
Info: Elaborating entity "Decod4X16" for hierarchy "Decod4X16:TARGET"
Warning: Using design file sm.tdf, which is not specified as a design file for the current project, but contains definitions for 1 design units and 1 entities in project
    Info: Found entity 1: SM
Info: Elaborating entity "SM" for hierarchy "SM:ME"
Warning: Using design file ula.tdf, which is not specified as a design file for the current project, but contains definitions for 1 design units and 1 entities in project
    Info: Found entity 1: ULA
Info: Elaborating entity "ULA" for hierarchy "ULA:ULA"
Warning: Using design file buffer_sw.tdf, which is not specified as a design file for the current project, but contains definitions for 1 design units and 1 entities in project
    Info: Found entity 1: BUFFER_SW
Info: Elaborating entity "BUFFER_SW" for hierarchy "BUFFER_SW:inst"
Info: Elaborating entity "Decod4X16" for hierarchy "Decod4X16:DEC_A"
Info: Elaborating entity "_REG" for hierarchy "_REG:AC"
Info: Elaborating entity "Decod4X16" for hierarchy "Decod4X16:DEC_B"
Info: Elaborating entity "PC" for hierarchy "PC:inst2"
Info: Elaborating entity "TableRom" for hierarchy "TableRom:inst9"
Warning: Tri-state node(s) do not directly drive top-level pin(s)
    Warning: Converted tri-state node feeding "ULA:ULA|op_1" into a selector
    Warning: Converted tri-state node feeding "ULA:ULA|op_1" into a selector
    Warning: Converted tri-state node feeding "ULA:ULA|op_1" into a selector
    Warning: Converted tri-state node feeding "ULA:ULA|op_1" into a selector
    Warning: Converted tri-state node feeding "ULA:ULA|op_1" into a selector
    Warning: Converted tri-state node feeding "ULA:ULA|op_1" into a selector
    Warning: Converted tri-state node feeding "ULA:ULA|op_1" into a selector
    Warning: Converted tri-state node feeding "ULA:ULA|op_1" into a selector
    Warning: Converted tri-state node feeding "ULA:ULA|op_1" into a selector
    Warning: Converted tri-state node feeding "ULA:ULA|op_1" into a selector
    Warning: Converted tri-state node feeding "ULA:ULA|op_1" into a selector
    Warning: Converted tri-state node feeding "ULA:ULA|op_1" into a selector
    Warning: Converted tri-state node feeding "ULA:ULA|op_1" into a selector
    Warning: Converted tri-state node feeding "ULA:ULA|op_1" into a selector
    Warning: Converted tri-state node feeding "ULA:ULA|op_1" into a selector
    Warning: Converted tri-state node feeding "ULA:ULA|op_1" into a selector
Info: 12 registers lost all their fanouts during netlist optimizations. The first 12 are displayed below.
    Info: Register "DivisorCLK:D|lpm_counter:LPM_COUNTER_component|cntr_9mh:auto_generated|safe_q[22]" lost all its fanouts during netlist optimizations.
    Info: Register "DivisorCLK:D|lpm_counter:LPM_COUNTER_component|cntr_9mh:auto_generated|safe_q[21]" lost all its fanouts during netlist optimizations.
    Info: Register "DivisorCLK:D|lpm_counter:LPM_COUNTER_component|cntr_9mh:auto_generated|safe_q[20]" lost all its fanouts during netlist optimizations.
    Info: Register "DivisorCLK:D|lpm_counter:LPM_COUNTER_component|cntr_9mh:auto_generated|safe_q[19]" lost all its fanouts during netlist optimizations.
    Info: Register "_REG:R1|REG[7]" lost all its fanouts during netlist optimizations.
    Info: Register "_REG:R1|REG[6]" lost all its fanouts during netlist optimizations.
    Info: Register "_REG:R1|REG[5]" lost all its fanouts during netlist optimizations.
    Info: Register "_REG:R1|REG[4]" lost all its fanouts during netlist optimizations.
    Info: Register "_REG:R1|REG[3]" lost all its fanouts during netlist optimizations.
    Info: Register "_REG:R1|REG[2]" lost all its fanouts during netlist optimizations.
    Info: Register "_REG:R1|REG[1]" lost all its fanouts during netlist optimizations.
    Info: Register "_REG:R1|REG[0]" lost all its fanouts during netlist optimizations.
Info: Implemented 239 device resources after synthesis - the final resource count might be different
    Info: Implemented 10 input pins
    Info: Implemented 9 output pins
    Info: Implemented 220 logic cells
Info: Quartus II Analysis & Synthesis was successful. 0 errors, 24 warnings
    Info: Peak virtual memory: 229 megabytes
    Info: Processing ended: Mon Apr 14 00:38:38 2025
    Info: Elapsed time: 00:00:01
    Info: Total CPU time (on all processors): 00:00:02


